  test.c
C:\Users\PKNU\source\repos\Project1\test_envirment\test.c(9,8): warning C4013: 'printf'이(가) 정의되지 않았습니다. extern은 int형을 반환하는 것으로 간주합니다.
test.obj : error LNK2019: _printf_main 함수에서 참조되는 확인할 수 없는 외부 기호
C:\Users\PKNU\source\repos\Project1\Debug\test_envirment.exe : fatal error LNK1120: 1개의 확인할 수 없는 외부 참조입니다.
